<?xml version="1.0" encoding="UTF-8"?>
<testsuite xmlns:xsi="http://www.w3.org/2001/XMLSchema-instance" xsi:noNamespaceSchemaLocation="https://maven.apache.org/surefire/maven-surefire-plugin/xsd/surefire-test-report-3.0.xsd" version="3.0" name="Gates.AppTest" time="0.022" tests="1" errors="0" skipped="0" failures="0">
  <properties>
    <property name="java.specification.version" value="21"/>
    <property name="sun.cpu.isalist" value="amd64"/>
    <property name="sun.jnu.encoding" value="Cp1252"/>
    <property name="java.class.path" value="C:\Users\dazzo\OneDrive\GitHub\PorteCoulissante\target\test-classes;C:\Users\dazzo\OneDrive\GitHub\PorteCoulissante\target\classes;C:\Users\dazzo\.m2\repository\junit\junit\3.8.1\junit-3.8.1.jar;C:\Users\dazzo\.m2\repository\org\spigotmc\spigot-api\1.21.8-R0.1-SNAPSHOT\spigot-api-1.21.8-R0.1-SNAPSHOT.jar;C:\Users\dazzo\.m2\repository\com\google\guava\guava\33.3.1-jre\guava-33.3.1-jre.jar;C:\Users\dazzo\.m2\repository\com\google\guava\failureaccess\1.0.2\failureaccess-1.0.2.jar;C:\Users\dazzo\.m2\repository\com\google\guava\listenablefuture\9999.0-empty-to-avoid-conflict-with-guava\listenablefuture-9999.0-empty-to-avoid-conflict-with-guava.jar;C:\Users\dazzo\.m2\repository\com\google\code\findbugs\jsr305\3.0.2\jsr305-3.0.2.jar;C:\Users\dazzo\.m2\repository\org\checkerframework\checker-qual\3.43.0\checker-qual-3.43.0.jar;C:\Users\dazzo\.m2\repository\com\google\errorprone\error_prone_annotations\2.28.0\error_prone_annotations-2.28.0.jar;C:\Users\dazzo\.m2\repository\com\google\j2objc\j2objc-annotations\3.0.0\j2objc-annotations-3.0.0.jar;C:\Users\dazzo\.m2\repository\com\google\code\gson\gson\2.11.0\gson-2.11.0.jar;C:\Users\dazzo\.m2\repository\org\joml\joml\1.10.8\joml-1.10.8.jar;C:\Users\dazzo\.m2\repository\net\md-5\bungeecord-serializer\1.21-R0.3\bungeecord-serializer-1.21-R0.3.jar;C:\Users\dazzo\.m2\repository\net\md-5\bungeecord-chat\1.21-R0.3\bungeecord-chat-1.21-R0.3.jar;C:\Users\dazzo\.m2\repository\net\md-5\bungeecord-dialog\1.21-R0.3\bungeecord-dialog-1.21-R0.3.jar;C:\Users\dazzo\.m2\repository\org\yaml\snakeyaml\2.2\snakeyaml-2.2.jar;C:\Users\dazzo\.m2\repository\org\projectlombok\lombok\1.18.32\lombok-1.18.32.jar;"/>
    <property name="java.vm.vendor" value="Microsoft"/>
    <property name="sun.arch.data.model" value="64"/>
    <property name="user.variant" value=""/>
    <property name="java.vendor.url" value="https://www.microsoft.com"/>
    <property name="user.timezone" value="Europe/London"/>
    <property name="os.name" value="Windows 11"/>
    <property name="java.vm.specification.version" value="21"/>
    <property name="sun.java.launcher" value="SUN_STANDARD"/>
    <property name="user.country" value="GB"/>
    <property name="sun.boot.library.path" value="C:\Program Files\Microsoft\jdk-21.0.8.9-hotspot\bin"/>
    <property name="sun.java.command" value="C:\Users\dazzo\AppData\Local\Temp\surefire8285919690768712740\surefirebooter-20250904200510231_3.jar C:\Users\dazzo\AppData\Local\Temp\surefire8285919690768712740 2025-09-04T20-05-10_119-jvmRun1 surefire-20250904200510231_1tmp surefire_0-20250904200510231_2tmp"/>
    <property name="jdk.debug" value="release"/>
    <property name="surefire.test.class.path" value="C:\Users\dazzo\OneDrive\GitHub\PorteCoulissante\target\test-classes;C:\Users\dazzo\OneDrive\GitHub\PorteCoulissante\target\classes;C:\Users\dazzo\.m2\repository\junit\junit\3.8.1\junit-3.8.1.jar;C:\Users\dazzo\.m2\repository\org\spigotmc\spigot-api\1.21.8-R0.1-SNAPSHOT\spigot-api-1.21.8-R0.1-SNAPSHOT.jar;C:\Users\dazzo\.m2\repository\com\google\guava\guava\33.3.1-jre\guava-33.3.1-jre.jar;C:\Users\dazzo\.m2\repository\com\google\guava\failureaccess\1.0.2\failureaccess-1.0.2.jar;C:\Users\dazzo\.m2\repository\com\google\guava\listenablefuture\9999.0-empty-to-avoid-conflict-with-guava\listenablefuture-9999.0-empty-to-avoid-conflict-with-guava.jar;C:\Users\dazzo\.m2\repository\com\google\code\findbugs\jsr305\3.0.2\jsr305-3.0.2.jar;C:\Users\dazzo\.m2\repository\org\checkerframework\checker-qual\3.43.0\checker-qual-3.43.0.jar;C:\Users\dazzo\.m2\repository\com\google\errorprone\error_prone_annotations\2.28.0\error_prone_annotations-2.28.0.jar;C:\Users\dazzo\.m2\repository\com\google\j2objc\j2objc-annotations\3.0.0\j2objc-annotations-3.0.0.jar;C:\Users\dazzo\.m2\repository\com\google\code\gson\gson\2.11.0\gson-2.11.0.jar;C:\Users\dazzo\.m2\repository\org\joml\joml\1.10.8\joml-1.10.8.jar;C:\Users\dazzo\.m2\repository\net\md-5\bungeecord-serializer\1.21-R0.3\bungeecord-serializer-1.21-R0.3.jar;C:\Users\dazzo\.m2\repository\net\md-5\bungeecord-chat\1.21-R0.3\bungeecord-chat-1.21-R0.3.jar;C:\Users\dazzo\.m2\repository\net\md-5\bungeecord-dialog\1.21-R0.3\bungeecord-dialog-1.21-R0.3.jar;C:\Users\dazzo\.m2\repository\org\yaml\snakeyaml\2.2\snakeyaml-2.2.jar;C:\Users\dazzo\.m2\repository\org\projectlombok\lombok\1.18.32\lombok-1.18.32.jar;"/>
    <property name="sun.cpu.endian" value="little"/>
    <property name="user.home" value="C:\Users\dazzo"/>
    <property name="user.language" value="en"/>
    <property name="java.specification.vendor" value="Oracle Corporation"/>
    <property name="java.version.date" value="2025-07-15"/>
    <property name="java.home" value="C:\Program Files\Microsoft\jdk-21.0.8.9-hotspot"/>
    <property name="file.separator" value="\"/>
    <property name="basedir" value="C:\Users\dazzo\OneDrive\GitHub\PorteCoulissante"/>
    <property name="java.vm.compressedOopsMode" value="Zero based"/>
    <property name="line.separator" value="&#10;"/>
    <property name="java.vm.specification.vendor" value="Oracle Corporation"/>
    <property name="java.specification.name" value="Java Platform API Specification"/>
    <property name="surefire.real.class.path" value="C:\Users\dazzo\AppData\Local\Temp\surefire8285919690768712740\surefirebooter-20250904200510231_3.jar"/>
    <property name="user.script" value=""/>
    <property name="sun.management.compiler" value="HotSpot 64-Bit Tiered Compilers"/>
    <property name="java.runtime.version" value="21.0.8+9-LTS"/>
    <property name="user.name" value="dazzo"/>
    <property name="stdout.encoding" value="Cp1252"/>
    <property name="path.separator" value=";"/>
    <property name="os.version" value="10.0"/>
    <property name="java.runtime.name" value="OpenJDK Runtime Environment"/>
    <property name="file.encoding" value="UTF-8"/>
    <property name="java.vm.name" value="OpenJDK 64-Bit Server VM"/>
    <property name="java.vendor.version" value="Microsoft-11933218"/>
    <property name="localRepository" value="C:\Users\dazzo\.m2\repository"/>
    <property name="java.vendor.url.bug" value="https://github.com/microsoft/openjdk/issues"/>
    <property name="java.io.tmpdir" value="C:\Users\dazzo\AppData\Local\Temp\"/>
    <property name="java.version" value="21.0.8"/>
    <property name="user.dir" value="C:\Users\dazzo\OneDrive\GitHub\PorteCoulissante"/>
    <property name="os.arch" value="amd64"/>
    <property name="java.vm.specification.name" value="Java Virtual Machine Specification"/>
    <property name="sun.os.patch.level" value=""/>
    <property name="native.encoding" value="Cp1252"/>
    <property name="java.library.path" value="C:\Program Files\Microsoft\jdk-21.0.8.9-hotspot\bin;C:\WINDOWS\Sun\Java\bin;C:\WINDOWS\system32;C:\WINDOWS;C:\Program Files\WindowsApps\Microsoft.PowerShell_7.5.2.0_x64__8wekyb3d8bbwe;C:\Program Files\Microsoft\jdk-21.0.8.9-hotspot\bin;C:\Program Files\Eclipse Adoptium\jdk-8.0.462.8-hotspot\bin;C:\Program Files\Python310\Scripts\;C:\Program Files\Python310\;C:\Program Files (x86)\Eclipse Adoptium\jdk-8.0.442.6-hotspot\bin;C:\WINDOWS\system32;C:\WINDOWS;C:\WINDOWS\System32\Wbem;C:\WINDOWS\System32\WindowsPowerShell\v1.0\;C:\WINDOWS\System32\OpenSSH\;C:\Program Files\dotnet\;C:\Program Files\NVIDIA Corporation\NVIDIA App\NvDLISR;C:\Program Files (x86)\NVIDIA Corporation\PhysX\Common;C:\Program Files\Void\bin;C:\Users\dazzo\AppData\Local\Microsoft\WinGet\Packages\Gyan.FFmpeg_Microsoft.Winget.Source_8wekyb3d8bbwe\ffmpeg-7.1.1-full_build\bin\ffmpeg.exe;C:\Program Files\gs\gs10.05.1\bin;C:\Program Files\Calibre2\;C:\Program Files\nodejs\;C:\Program Files\Git\cmd;C:\Program Files\Amazon\AWSCLIV2\;C:\Users\dazzo\AppData\Local\UniGetUI\Chocolatey\lib\maven\apache-maven-3.9.11\bin;;C:\Program Files\Docker\Docker\resources\bin;C:\Users\dazzo\AppData\Local\UniGetUI\Chocolatey\bin;C:\Users\dazzo\AppData\Local\Programs\Python\Launcher\;C:\Users\dazzo\.local\bin;C:\Users\dazzo\AppData\Local\Programs\Python\Python38\Scripts\;C:\Users\dazzo\AppData\Local\Programs\Python\Python38\;C:\Users\dazzo\AppData\Local\Programs\Python\Python313\Scripts\;C:\Users\dazzo\AppData\Local\Programs\Python\Python313\;C:\Users\dazzo\AppData\Local\Microsoft\WindowsApps;C:\Users\dazzo\AppData\Local\Microsoft\WinGet\Packages\NSSM.NSSM_Microsoft.Winget.Source_8wekyb3d8bbwe\nssm-2.24-101-g897c7ad\win64;C:\Users\dazzo\AppData\Local\Programs\Ollama;C:\Users\dazzo\AppData\Local\GitHubDesktop\bin;C:\Users\dazzo\AppData\Local\Microsoft\WinGet\Packages\HandBrake.HandBrake.CLI_Microsoft.Winget.Source_8wekyb3d8bbwe;C:\Users\dazzo\AppData\Local\Microsoft\WinGet\Packages\MediaArea.MediaInfo_Microsoft.Winget.Source_8wekyb3d8bbwe;C:\Users\dazzo\AppData\Local\Programs\Windsurf\bin;C:\Users\dazzo\AppData\Local\Programs\Microsoft VS Code\bin;C:\Users\dazzo\AppData\Local\Microsoft\WinGet\Packages\BtbN.FFmpeg.GPL.7.1_Microsoft.Winget.Source_8wekyb3d8bbwe\ffmpeg-n7.1.1-6-g48c0f071d4-win64-gpl-7.1\bin;C:\Users\dazzo\AppData\Local\Microsoft\WinGet\Packages\Microsoft.NuGet_Microsoft.Winget.Source_8wekyb3d8bbwe;C:\Users\dazzo\AppData\Local\Microsoft\WinGet\Packages\SQLite.SQLite_Microsoft.Winget.Source_8wekyb3d8bbwe;C:\Users\dazzo\AppData\Local\Microsoft\WinGet\Packages\Microsoft.AIShell_Microsoft.Winget.Source_8wekyb3d8bbwe;C:\Users\dazzo\AppData\Roaming\npm;C:\Tools\Maven;;c:\Users\dazzo\AppData\Roaming\Code\User\globalStorage\github.copilot-chat\debugCommand;."/>
    <property name="java.vm.info" value="mixed mode, sharing"/>
    <property name="stderr.encoding" value="Cp1252"/>
    <property name="java.vendor" value="Microsoft"/>
    <property name="java.vm.version" value="21.0.8+9-LTS"/>
    <property name="sun.io.unicode.encoding" value="UnicodeLittle"/>
    <property name="java.class.version" value="65.0"/>
  </properties>
  <testcase name="testApp" classname="Gates.AppTest" time="0.003"/>
</testsuite>